<?xml version="1.0" encoding="UTF-8"?>
<!-- Generated by org.testng.reporters.JUnitReportReporter -->
<testsuite hostname="D1ML26914" failures="0" tests="1" name="test.ExtentReportsWithTestNG" time="15.575" errors="0" timestamp="9 Jul 2019 06:09:24 GMT">
  <testcase classname="test.ExtentReportsWithTestNG" name="test1" time="15.575"/>
</testsuite> <!-- test.ExtentReportsWithTestNG -->
