<?xml version="1.0" encoding="UTF-8"?>
<!-- Generated by org.testng.reporters.JUnitReportReporter -->
<testsuite hostname="D1ML26914" failures="0" tests="2" name="learning.TestNGGroups" time="0.020" errors="0" timestamp="11 Jul 2019 06:31:55 GMT">
  <testcase classname="learning.TestNGGroups" name="test1" time="0.018"/>
  <testcase classname="learning.TestNGGroups" name="test3" time="0.002"/>
</testsuite> <!-- learning.TestNGGroups -->
