<?xml version="1.0" encoding="UTF-8"?>
<!-- Generated by org.testng.reporters.JUnitReportReporter -->
<testsuite hostname="D1ML26914" failures="0" tests="3" name="utils.ExcelDataProvider" time="34.062" errors="0" timestamp="10 Jul 2019 09:48:29 GMT">
  <testcase classname="utils.ExcelDataProvider" name="test1" time="5.851"/>
  <testcase classname="utils.ExcelDataProvider" name="test1" time="22.743"/>
  <testcase classname="utils.ExcelDataProvider" name="test1" time="5.468"/>
</testsuite> <!-- utils.ExcelDataProvider -->
