<?xml version="1.0" encoding="UTF-8"?>
<!-- Generated by org.testng.reporters.JUnitReportReporter -->
<testsuite hostname="D1ML26914" failures="0" tests="1" name="learning.TestNGParameters" time="0.015" errors="0" timestamp="11 Jul 2019 08:52:45 GMT">
  <testcase classname="learning.TestNGParameters" name="test" time="0.015"/>
</testsuite> <!-- learning.TestNGParameters -->
