<?xml version="1.0" encoding="UTF-8"?>
<!-- Generated by org.testng.reporters.JUnitReportReporter -->
<testsuite hostname="D1ML26914" failures="0" tests="2" name="learning.TestNGIgnore" time="0.011" errors="0" timestamp="11 Jul 2019 09:16:30 GMT" skipped="1">
  <testcase classname="learning.TestNGIgnore" name="test2" time="0.011"/>
  <testcase classname="learning.TestNGIgnore" name="test1">
    <skipped/>
  </testcase> <!-- test1 -->
</testsuite> <!-- learning.TestNGIgnore -->
