<?xml version="1.0" encoding="UTF-8"?>
<!-- Generated by org.testng.reporters.JUnitReportReporter -->
<testsuite hostname="D1ML26914" failures="0" tests="3" name="learning.TestNGPriority" time="0.021" errors="0" timestamp="11 Jul 2019 04:51:40 GMT" skipped="0">
  <testcase classname="learning.TestNGPriority" name="test3" time="0.002"/>
  <testcase classname="learning.TestNGPriority" name="test2" time="0.017"/>
  <testcase classname="learning.TestNGPriority" name="test1" time="0.002"/>
</testsuite> <!-- learning.TestNGPriority -->
