<?xml version="1.0" encoding="UTF-8"?>
<!-- Generated by org.testng.reporters.JUnitReportReporter -->
<testsuite hostname="D1ML26914" failures="0" tests="2" name="learning.TestNGDependencies" time="0.021" errors="0" timestamp="11 Jul 2019 09:01:41 GMT">
  <testcase classname="learning.TestNGDependencies" name="test1" time="0.003"/>
  <testcase classname="learning.TestNGDependencies" name="test2" time="0.018"/>
</testsuite> <!-- learning.TestNGDependencies -->
