<?xml version="1.0" encoding="UTF-8"?>
<!-- Generated by org.testng.reporters.JUnitReportReporter -->
<testsuite hostname="D1ML26914" failures="0" tests="1" name="test.GoogleSearch2" time="11.453" errors="0" timestamp="9 Jul 2019 04:50:35 GMT">
  <testcase classname="test.GoogleSearch2" name="googleSearch" time="11.453"/>
</testsuite> <!-- test.GoogleSearch2 -->
